2023-05-08 10:18:23,799 [main] DEBUG org.jboss.logging - Logging Provider: org.jboss.logging.Slf4jLoggerProvider 
2023-05-08 10:18:24,249 [main] INFO  io.undertow - starting server: Undertow - 2.2.4.Final 
2023-05-08 10:18:24,252 [main] INFO  org.xnio - XNIO version 3.8.0.Final 
2023-05-08 10:18:24,347 [main] INFO  org.jboss.threads - JBoss Threads version 3.1.0.Final 
2023-05-08 10:18:24,354 [main] DEBUG io.undertow - Configuring listener with protocol HTTP for interface 0.0.0.0 and port 9630 
2023-05-08 10:19:32,711 [nREPL-session-ea013047-50a5-43fd-be3a-9ea1edcb1dd0] INFO  sugbi.env - 
-=[sugbi started successfully using the development profile]=- 
2023-05-08 10:19:33,095 [nREPL-session-ea013047-50a5-43fd-be3a-9ea1edcb1dd0] INFO  luminus.http-server - server started on port 3000 
2023-05-08 10:19:51,906 [nREPL-session-ea013047-50a5-43fd-be3a-9ea1edcb1dd0] INFO  migratus.core - Starting migrations 
2023-05-08 10:19:51,942 [nREPL-session-ea013047-50a5-43fd-be3a-9ea1edcb1dd0] DEBUG migratus.migrations - Looking for migrations in #object[java.io.File 0x104fd73e /mnt/HDD-4T-01/School/S-06/SoftEng/LAB/sugbi/resources/migrations] 
2023-05-08 10:19:51,978 [nREPL-session-ea013047-50a5-43fd-be3a-9ea1edcb1dd0] INFO  migratus.core - Running down for [20230417220559 20230321184035 20230228002443] 
2023-05-08 10:19:51,978 [nREPL-session-ea013047-50a5-43fd-be3a-9ea1edcb1dd0] INFO  migratus.core - Down 20230417220559-prestamos 
2023-05-08 10:19:51,979 [nREPL-session-ea013047-50a5-43fd-be3a-9ea1edcb1dd0] INFO  migratus.database - Connection is  {:connection #object[org.postgresql.jdbc.PgConnection 0x69a4de8 org.postgresql.jdbc.PgConnection@69a4de8]} Config is {:store :database, :db {:connection-uri uri-censored}} 
2023-05-08 10:19:51,985 [nREPL-session-ea013047-50a5-43fd-be3a-9ea1edcb1dd0] DEBUG migratus.migration.sql - found 4 down migrations 
2023-05-08 10:19:51,998 [nREPL-session-ea013047-50a5-43fd-be3a-9ea1edcb1dd0] DEBUG migratus.database - marking 20230417220559 not complete 
2023-05-08 10:19:52,002 [nREPL-session-ea013047-50a5-43fd-be3a-9ea1edcb1dd0] INFO  migratus.core - Down 20230321184035-removes-catalog-book-info 
2023-05-08 10:19:52,002 [nREPL-session-ea013047-50a5-43fd-be3a-9ea1edcb1dd0] INFO  migratus.database - Connection is  {:connection #object[org.postgresql.jdbc.PgConnection 0x69a4de8 org.postgresql.jdbc.PgConnection@69a4de8]} Config is {:store :database, :db {:connection-uri uri-censored}} 
2023-05-08 10:19:52,004 [nREPL-session-ea013047-50a5-43fd-be3a-9ea1edcb1dd0] DEBUG migratus.migration.sql - found 3 down migrations 
2023-05-08 10:19:52,018 [nREPL-session-ea013047-50a5-43fd-be3a-9ea1edcb1dd0] DEBUG migratus.database - marking 20230321184035 not complete 
2023-05-08 10:19:52,021 [nREPL-session-ea013047-50a5-43fd-be3a-9ea1edcb1dd0] INFO  migratus.core - Down 20230228002443-initial-catalog-model 
2023-05-08 10:19:52,022 [nREPL-session-ea013047-50a5-43fd-be3a-9ea1edcb1dd0] INFO  migratus.database - Connection is  {:connection #object[org.postgresql.jdbc.PgConnection 0x69a4de8 org.postgresql.jdbc.PgConnection@69a4de8]} Config is {:store :database, :db {:connection-uri uri-censored}} 
2023-05-08 10:19:52,024 [nREPL-session-ea013047-50a5-43fd-be3a-9ea1edcb1dd0] DEBUG migratus.migration.sql - found 4 down migrations 
2023-05-08 10:19:52,029 [nREPL-session-ea013047-50a5-43fd-be3a-9ea1edcb1dd0] DEBUG migratus.database - marking 20230228002443 not complete 
2023-05-08 10:19:52,031 [nREPL-session-ea013047-50a5-43fd-be3a-9ea1edcb1dd0] INFO  migratus.core - Ending migrations 
2023-05-08 10:19:52,031 [nREPL-session-ea013047-50a5-43fd-be3a-9ea1edcb1dd0] INFO  migratus.core - Starting migrations 
2023-05-08 10:19:52,042 [nREPL-session-ea013047-50a5-43fd-be3a-9ea1edcb1dd0] DEBUG migratus.migrations - Looking for migrations in #object[java.io.File 0x2b875cd7 /mnt/HDD-4T-01/School/S-06/SoftEng/LAB/sugbi/resources/migrations] 
2023-05-08 10:19:52,043 [nREPL-session-ea013047-50a5-43fd-be3a-9ea1edcb1dd0] INFO  migratus.core - Running up for [20230228002443 20230321184035 20230417032642 20230417220559] 
2023-05-08 10:19:52,044 [nREPL-session-ea013047-50a5-43fd-be3a-9ea1edcb1dd0] INFO  migratus.core - Up 20230228002443-initial-catalog-model 
2023-05-08 10:19:52,044 [nREPL-session-ea013047-50a5-43fd-be3a-9ea1edcb1dd0] INFO  migratus.database - Connection is  {:connection #object[org.postgresql.jdbc.PgConnection 0x1e9bf6c5 org.postgresql.jdbc.PgConnection@1e9bf6c5]} Config is {:store :database, :db {:connection-uri uri-censored}} 
2023-05-08 10:19:52,047 [nREPL-session-ea013047-50a5-43fd-be3a-9ea1edcb1dd0] DEBUG migratus.migration.sql - found 4 up migrations 
2023-05-08 10:19:52,061 [nREPL-session-ea013047-50a5-43fd-be3a-9ea1edcb1dd0] DEBUG migratus.database - marking 20230228002443 complete 
2023-05-08 10:19:52,065 [nREPL-session-ea013047-50a5-43fd-be3a-9ea1edcb1dd0] INFO  migratus.core - Up 20230321184035-removes-catalog-book-info 
2023-05-08 10:19:52,066 [nREPL-session-ea013047-50a5-43fd-be3a-9ea1edcb1dd0] INFO  migratus.database - Connection is  {:connection #object[org.postgresql.jdbc.PgConnection 0x1e9bf6c5 org.postgresql.jdbc.PgConnection@1e9bf6c5]} Config is {:store :database, :db {:connection-uri uri-censored}} 
2023-05-08 10:19:52,067 [nREPL-session-ea013047-50a5-43fd-be3a-9ea1edcb1dd0] DEBUG migratus.migration.sql - found 3 up migrations 
2023-05-08 10:19:52,072 [nREPL-session-ea013047-50a5-43fd-be3a-9ea1edcb1dd0] DEBUG migratus.database - marking 20230321184035 complete 
2023-05-08 10:19:52,075 [nREPL-session-ea013047-50a5-43fd-be3a-9ea1edcb1dd0] INFO  migratus.core - Up 20230417032642-adds-librarians 
2023-05-08 10:19:52,076 [nREPL-session-ea013047-50a5-43fd-be3a-9ea1edcb1dd0] INFO  migratus.database - Connection is  {:connection #object[org.postgresql.jdbc.PgConnection 0x1e9bf6c5 org.postgresql.jdbc.PgConnection@1e9bf6c5]} Config is {:store :database, :db {:connection-uri uri-censored}} 
2023-05-08 10:19:52,077 [nREPL-session-ea013047-50a5-43fd-be3a-9ea1edcb1dd0] DEBUG migratus.migration.sql - found 2 up migrations 
2023-05-08 10:19:52,085 [nREPL-session-ea013047-50a5-43fd-be3a-9ea1edcb1dd0] DEBUG migratus.database - marking 20230417032642 complete 
2023-05-08 10:19:52,089 [nREPL-session-ea013047-50a5-43fd-be3a-9ea1edcb1dd0] INFO  migratus.core - Up 20230417220559-prestamos 
2023-05-08 10:19:52,089 [nREPL-session-ea013047-50a5-43fd-be3a-9ea1edcb1dd0] INFO  migratus.database - Connection is  {:connection #object[org.postgresql.jdbc.PgConnection 0x1e9bf6c5 org.postgresql.jdbc.PgConnection@1e9bf6c5]} Config is {:store :database, :db {:connection-uri uri-censored}} 
2023-05-08 10:19:52,091 [nREPL-session-ea013047-50a5-43fd-be3a-9ea1edcb1dd0] DEBUG migratus.migration.sql - found 4 up migrations 
2023-05-08 10:19:52,102 [nREPL-session-ea013047-50a5-43fd-be3a-9ea1edcb1dd0] DEBUG migratus.database - marking 20230417220559 complete 
2023-05-08 10:19:52,106 [nREPL-session-ea013047-50a5-43fd-be3a-9ea1edcb1dd0] INFO  migratus.core - Ending migrations 
2023-05-08 11:25:37,312 [nREPL-session-ea013047-50a5-43fd-be3a-9ea1edcb1dd0] INFO  migratus.core - Starting migrations 
2023-05-08 11:25:37,323 [nREPL-session-ea013047-50a5-43fd-be3a-9ea1edcb1dd0] DEBUG migratus.migrations - Looking for migrations in #object[java.io.File 0x36cf7a9 /mnt/HDD-4T-01/School/S-06/SoftEng/LAB/sugbi/resources/migrations] 
2023-05-08 11:25:37,325 [nREPL-session-ea013047-50a5-43fd-be3a-9ea1edcb1dd0] INFO  migratus.core - Running down for [20230417220559 20230417032642 20230321184035 20230228002443] 
2023-05-08 11:25:37,325 [nREPL-session-ea013047-50a5-43fd-be3a-9ea1edcb1dd0] INFO  migratus.core - Down 20230417220559-prestamos 
2023-05-08 11:25:37,325 [nREPL-session-ea013047-50a5-43fd-be3a-9ea1edcb1dd0] INFO  migratus.database - Connection is  {:connection #object[org.postgresql.jdbc.PgConnection 0x23bea7a4 org.postgresql.jdbc.PgConnection@23bea7a4]} Config is {:store :database, :db {:connection-uri uri-censored}} 
2023-05-08 11:25:37,327 [nREPL-session-ea013047-50a5-43fd-be3a-9ea1edcb1dd0] DEBUG migratus.migration.sql - found 4 down migrations 
2023-05-08 11:25:37,334 [nREPL-session-ea013047-50a5-43fd-be3a-9ea1edcb1dd0] DEBUG migratus.database - marking 20230417220559 not complete 
2023-05-08 11:25:37,336 [nREPL-session-ea013047-50a5-43fd-be3a-9ea1edcb1dd0] INFO  migratus.core - Down 20230417032642-adds-librarians 
2023-05-08 11:25:37,337 [nREPL-session-ea013047-50a5-43fd-be3a-9ea1edcb1dd0] INFO  migratus.database - Connection is  {:connection #object[org.postgresql.jdbc.PgConnection 0x23bea7a4 org.postgresql.jdbc.PgConnection@23bea7a4]} Config is {:store :database, :db {:connection-uri uri-censored}} 
2023-05-08 11:25:37,338 [nREPL-session-ea013047-50a5-43fd-be3a-9ea1edcb1dd0] DEBUG migratus.migration.sql - found 2 down migrations 
2023-05-08 11:25:37,340 [nREPL-session-ea013047-50a5-43fd-be3a-9ea1edcb1dd0] DEBUG migratus.database - marking 20230417032642 not complete 
2023-05-08 11:25:37,342 [nREPL-session-ea013047-50a5-43fd-be3a-9ea1edcb1dd0] INFO  migratus.core - Down 20230321184035-removes-catalog-book-info 
2023-05-08 11:25:37,342 [nREPL-session-ea013047-50a5-43fd-be3a-9ea1edcb1dd0] INFO  migratus.database - Connection is  {:connection #object[org.postgresql.jdbc.PgConnection 0x23bea7a4 org.postgresql.jdbc.PgConnection@23bea7a4]} Config is {:store :database, :db {:connection-uri uri-censored}} 
2023-05-08 11:25:37,343 [nREPL-session-ea013047-50a5-43fd-be3a-9ea1edcb1dd0] DEBUG migratus.migration.sql - found 3 down migrations 
2023-05-08 11:25:37,352 [nREPL-session-ea013047-50a5-43fd-be3a-9ea1edcb1dd0] DEBUG migratus.database - marking 20230321184035 not complete 
2023-05-08 11:25:37,353 [nREPL-session-ea013047-50a5-43fd-be3a-9ea1edcb1dd0] INFO  migratus.core - Down 20230228002443-initial-catalog-model 
2023-05-08 11:25:37,354 [nREPL-session-ea013047-50a5-43fd-be3a-9ea1edcb1dd0] INFO  migratus.database - Connection is  {:connection #object[org.postgresql.jdbc.PgConnection 0x23bea7a4 org.postgresql.jdbc.PgConnection@23bea7a4]} Config is {:store :database, :db {:connection-uri uri-censored}} 
2023-05-08 11:25:37,355 [nREPL-session-ea013047-50a5-43fd-be3a-9ea1edcb1dd0] DEBUG migratus.migration.sql - found 4 down migrations 
2023-05-08 11:25:37,359 [nREPL-session-ea013047-50a5-43fd-be3a-9ea1edcb1dd0] DEBUG migratus.database - marking 20230228002443 not complete 
2023-05-08 11:25:37,361 [nREPL-session-ea013047-50a5-43fd-be3a-9ea1edcb1dd0] INFO  migratus.core - Ending migrations 
2023-05-08 11:25:37,361 [nREPL-session-ea013047-50a5-43fd-be3a-9ea1edcb1dd0] INFO  migratus.core - Starting migrations 
2023-05-08 11:25:37,369 [nREPL-session-ea013047-50a5-43fd-be3a-9ea1edcb1dd0] DEBUG migratus.migrations - Looking for migrations in #object[java.io.File 0x7f3a2ff /mnt/HDD-4T-01/School/S-06/SoftEng/LAB/sugbi/resources/migrations] 
2023-05-08 11:25:37,370 [nREPL-session-ea013047-50a5-43fd-be3a-9ea1edcb1dd0] INFO  migratus.core - Running up for [20230228002443 20230321184035 20230417032642 20230417220559 20230502164252] 
2023-05-08 11:25:37,370 [nREPL-session-ea013047-50a5-43fd-be3a-9ea1edcb1dd0] INFO  migratus.core - Up 20230228002443-initial-catalog-model 
2023-05-08 11:25:37,371 [nREPL-session-ea013047-50a5-43fd-be3a-9ea1edcb1dd0] INFO  migratus.database - Connection is  {:connection #object[org.postgresql.jdbc.PgConnection 0x6bde4bcb org.postgresql.jdbc.PgConnection@6bde4bcb]} Config is {:store :database, :db {:connection-uri uri-censored}} 
2023-05-08 11:25:37,373 [nREPL-session-ea013047-50a5-43fd-be3a-9ea1edcb1dd0] DEBUG migratus.migration.sql - found 4 up migrations 
2023-05-08 11:25:37,387 [nREPL-session-ea013047-50a5-43fd-be3a-9ea1edcb1dd0] DEBUG migratus.database - marking 20230228002443 complete 
2023-05-08 11:25:37,390 [nREPL-session-ea013047-50a5-43fd-be3a-9ea1edcb1dd0] INFO  migratus.core - Up 20230321184035-removes-catalog-book-info 
2023-05-08 11:25:37,391 [nREPL-session-ea013047-50a5-43fd-be3a-9ea1edcb1dd0] INFO  migratus.database - Connection is  {:connection #object[org.postgresql.jdbc.PgConnection 0x6bde4bcb org.postgresql.jdbc.PgConnection@6bde4bcb]} Config is {:store :database, :db {:connection-uri uri-censored}} 
2023-05-08 11:25:37,392 [nREPL-session-ea013047-50a5-43fd-be3a-9ea1edcb1dd0] DEBUG migratus.migration.sql - found 3 up migrations 
2023-05-08 11:25:37,397 [nREPL-session-ea013047-50a5-43fd-be3a-9ea1edcb1dd0] DEBUG migratus.database - marking 20230321184035 complete 
2023-05-08 11:25:37,400 [nREPL-session-ea013047-50a5-43fd-be3a-9ea1edcb1dd0] INFO  migratus.core - Up 20230417032642-adds-librarians 
2023-05-08 11:25:37,400 [nREPL-session-ea013047-50a5-43fd-be3a-9ea1edcb1dd0] INFO  migratus.database - Connection is  {:connection #object[org.postgresql.jdbc.PgConnection 0x6bde4bcb org.postgresql.jdbc.PgConnection@6bde4bcb]} Config is {:store :database, :db {:connection-uri uri-censored}} 
2023-05-08 11:25:37,401 [nREPL-session-ea013047-50a5-43fd-be3a-9ea1edcb1dd0] DEBUG migratus.migration.sql - found 2 up migrations 
2023-05-08 11:25:37,408 [nREPL-session-ea013047-50a5-43fd-be3a-9ea1edcb1dd0] DEBUG migratus.database - marking 20230417032642 complete 
2023-05-08 11:25:37,411 [nREPL-session-ea013047-50a5-43fd-be3a-9ea1edcb1dd0] INFO  migratus.core - Up 20230417220559-prestamos 
2023-05-08 11:25:37,412 [nREPL-session-ea013047-50a5-43fd-be3a-9ea1edcb1dd0] INFO  migratus.database - Connection is  {:connection #object[org.postgresql.jdbc.PgConnection 0x6bde4bcb org.postgresql.jdbc.PgConnection@6bde4bcb]} Config is {:store :database, :db {:connection-uri uri-censored}} 
2023-05-08 11:25:37,413 [nREPL-session-ea013047-50a5-43fd-be3a-9ea1edcb1dd0] DEBUG migratus.migration.sql - found 4 up migrations 
2023-05-08 11:25:37,424 [nREPL-session-ea013047-50a5-43fd-be3a-9ea1edcb1dd0] DEBUG migratus.database - marking 20230417220559 complete 
2023-05-08 11:25:37,427 [nREPL-session-ea013047-50a5-43fd-be3a-9ea1edcb1dd0] INFO  migratus.core - Up 20230502164252-adds-cover-images 
2023-05-08 11:25:37,429 [nREPL-session-ea013047-50a5-43fd-be3a-9ea1edcb1dd0] INFO  migratus.database - Connection is  {:connection #object[org.postgresql.jdbc.PgConnection 0x6bde4bcb org.postgresql.jdbc.PgConnection@6bde4bcb]} Config is {:store :database, :db {:connection-uri uri-censored}} 
2023-05-08 11:25:37,430 [nREPL-session-ea013047-50a5-43fd-be3a-9ea1edcb1dd0] DEBUG migratus.migration.sql - found 1 up migrations 
2023-05-08 11:25:37,432 [nREPL-session-ea013047-50a5-43fd-be3a-9ea1edcb1dd0] DEBUG migratus.database - marking 20230502164252 complete 
2023-05-08 11:25:37,435 [nREPL-session-ea013047-50a5-43fd-be3a-9ea1edcb1dd0] INFO  migratus.core - Ending migrations 
2023-05-08 11:59:10,535 [nREPL-session-ea013047-50a5-43fd-be3a-9ea1edcb1dd0] INFO  migratus.core - Starting migrations 
2023-05-08 11:59:10,544 [nREPL-session-ea013047-50a5-43fd-be3a-9ea1edcb1dd0] DEBUG migratus.migrations - Looking for migrations in #object[java.io.File 0x4062909a /mnt/HDD-4T-01/School/S-06/SoftEng/LAB/sugbi/resources/migrations] 
2023-05-08 11:59:10,546 [nREPL-session-ea013047-50a5-43fd-be3a-9ea1edcb1dd0] INFO  migratus.core - Running down for [20230502164252 20230417220559 20230417032642 20230321184035 20230228002443] 
2023-05-08 11:59:10,546 [nREPL-session-ea013047-50a5-43fd-be3a-9ea1edcb1dd0] INFO  migratus.core - Down 20230502164252-adds-cover-images 
2023-05-08 11:59:10,546 [nREPL-session-ea013047-50a5-43fd-be3a-9ea1edcb1dd0] INFO  migratus.database - Connection is  {:connection #object[org.postgresql.jdbc.PgConnection 0x74dd0723 org.postgresql.jdbc.PgConnection@74dd0723]} Config is {:store :database, :db {:connection-uri uri-censored}} 
2023-05-08 11:59:10,548 [nREPL-session-ea013047-50a5-43fd-be3a-9ea1edcb1dd0] DEBUG migratus.migration.sql - found 1 down migrations 
2023-05-08 11:59:10,550 [nREPL-session-ea013047-50a5-43fd-be3a-9ea1edcb1dd0] DEBUG migratus.database - marking 20230502164252 not complete 
2023-05-08 11:59:10,552 [nREPL-session-ea013047-50a5-43fd-be3a-9ea1edcb1dd0] INFO  migratus.core - Down 20230417220559-prestamos 
2023-05-08 11:59:10,553 [nREPL-session-ea013047-50a5-43fd-be3a-9ea1edcb1dd0] INFO  migratus.database - Connection is  {:connection #object[org.postgresql.jdbc.PgConnection 0x74dd0723 org.postgresql.jdbc.PgConnection@74dd0723]} Config is {:store :database, :db {:connection-uri uri-censored}} 
2023-05-08 11:59:10,555 [nREPL-session-ea013047-50a5-43fd-be3a-9ea1edcb1dd0] DEBUG migratus.migration.sql - found 4 down migrations 
2023-05-08 11:59:10,558 [nREPL-session-ea013047-50a5-43fd-be3a-9ea1edcb1dd0] DEBUG migratus.database - marking 20230417220559 not complete 
2023-05-08 11:59:10,561 [nREPL-session-ea013047-50a5-43fd-be3a-9ea1edcb1dd0] INFO  migratus.core - Down 20230417032642-adds-librarians 
2023-05-08 11:59:10,562 [nREPL-session-ea013047-50a5-43fd-be3a-9ea1edcb1dd0] INFO  migratus.database - Connection is  {:connection #object[org.postgresql.jdbc.PgConnection 0x74dd0723 org.postgresql.jdbc.PgConnection@74dd0723]} Config is {:store :database, :db {:connection-uri uri-censored}} 
2023-05-08 11:59:10,563 [nREPL-session-ea013047-50a5-43fd-be3a-9ea1edcb1dd0] DEBUG migratus.migration.sql - found 2 down migrations 
2023-05-08 11:59:10,566 [nREPL-session-ea013047-50a5-43fd-be3a-9ea1edcb1dd0] DEBUG migratus.database - marking 20230417032642 not complete 
2023-05-08 11:59:10,568 [nREPL-session-ea013047-50a5-43fd-be3a-9ea1edcb1dd0] INFO  migratus.core - Down 20230321184035-removes-catalog-book-info 
2023-05-08 11:59:10,568 [nREPL-session-ea013047-50a5-43fd-be3a-9ea1edcb1dd0] INFO  migratus.database - Connection is  {:connection #object[org.postgresql.jdbc.PgConnection 0x74dd0723 org.postgresql.jdbc.PgConnection@74dd0723]} Config is {:store :database, :db {:connection-uri uri-censored}} 
2023-05-08 11:59:10,569 [nREPL-session-ea013047-50a5-43fd-be3a-9ea1edcb1dd0] DEBUG migratus.migration.sql - found 3 down migrations 
2023-05-08 11:59:10,578 [nREPL-session-ea013047-50a5-43fd-be3a-9ea1edcb1dd0] DEBUG migratus.database - marking 20230321184035 not complete 
2023-05-08 11:59:10,582 [nREPL-session-ea013047-50a5-43fd-be3a-9ea1edcb1dd0] INFO  migratus.core - Down 20230228002443-initial-catalog-model 
2023-05-08 11:59:10,582 [nREPL-session-ea013047-50a5-43fd-be3a-9ea1edcb1dd0] INFO  migratus.database - Connection is  {:connection #object[org.postgresql.jdbc.PgConnection 0x74dd0723 org.postgresql.jdbc.PgConnection@74dd0723]} Config is {:store :database, :db {:connection-uri uri-censored}} 
2023-05-08 11:59:10,584 [nREPL-session-ea013047-50a5-43fd-be3a-9ea1edcb1dd0] DEBUG migratus.migration.sql - found 4 down migrations 
2023-05-08 11:59:10,587 [nREPL-session-ea013047-50a5-43fd-be3a-9ea1edcb1dd0] DEBUG migratus.database - marking 20230228002443 not complete 
2023-05-08 11:59:10,590 [nREPL-session-ea013047-50a5-43fd-be3a-9ea1edcb1dd0] INFO  migratus.core - Ending migrations 
2023-05-08 11:59:10,591 [nREPL-session-ea013047-50a5-43fd-be3a-9ea1edcb1dd0] INFO  migratus.core - Starting migrations 
2023-05-08 11:59:10,598 [nREPL-session-ea013047-50a5-43fd-be3a-9ea1edcb1dd0] DEBUG migratus.migrations - Looking for migrations in #object[java.io.File 0x26fa43b7 /mnt/HDD-4T-01/School/S-06/SoftEng/LAB/sugbi/resources/migrations] 
2023-05-08 11:59:10,600 [nREPL-session-ea013047-50a5-43fd-be3a-9ea1edcb1dd0] INFO  migratus.core - Running up for [20230228002443 20230321184035 20230417032642 20230417220559 20230502164252] 
2023-05-08 11:59:10,600 [nREPL-session-ea013047-50a5-43fd-be3a-9ea1edcb1dd0] INFO  migratus.core - Up 20230228002443-initial-catalog-model 
2023-05-08 11:59:10,600 [nREPL-session-ea013047-50a5-43fd-be3a-9ea1edcb1dd0] INFO  migratus.database - Connection is  {:connection #object[org.postgresql.jdbc.PgConnection 0x70b191c0 org.postgresql.jdbc.PgConnection@70b191c0]} Config is {:store :database, :db {:connection-uri uri-censored}} 
2023-05-08 11:59:10,601 [nREPL-session-ea013047-50a5-43fd-be3a-9ea1edcb1dd0] DEBUG migratus.migration.sql - found 4 up migrations 
2023-05-08 11:59:10,614 [nREPL-session-ea013047-50a5-43fd-be3a-9ea1edcb1dd0] DEBUG migratus.database - marking 20230228002443 complete 
2023-05-08 11:59:10,617 [nREPL-session-ea013047-50a5-43fd-be3a-9ea1edcb1dd0] INFO  migratus.core - Up 20230321184035-removes-catalog-book-info 
2023-05-08 11:59:10,617 [nREPL-session-ea013047-50a5-43fd-be3a-9ea1edcb1dd0] INFO  migratus.database - Connection is  {:connection #object[org.postgresql.jdbc.PgConnection 0x70b191c0 org.postgresql.jdbc.PgConnection@70b191c0]} Config is {:store :database, :db {:connection-uri uri-censored}} 
2023-05-08 11:59:10,618 [nREPL-session-ea013047-50a5-43fd-be3a-9ea1edcb1dd0] DEBUG migratus.migration.sql - found 3 up migrations 
2023-05-08 11:59:10,622 [nREPL-session-ea013047-50a5-43fd-be3a-9ea1edcb1dd0] DEBUG migratus.database - marking 20230321184035 complete 
2023-05-08 11:59:10,625 [nREPL-session-ea013047-50a5-43fd-be3a-9ea1edcb1dd0] INFO  migratus.core - Up 20230417032642-adds-librarians 
2023-05-08 11:59:10,625 [nREPL-session-ea013047-50a5-43fd-be3a-9ea1edcb1dd0] INFO  migratus.database - Connection is  {:connection #object[org.postgresql.jdbc.PgConnection 0x70b191c0 org.postgresql.jdbc.PgConnection@70b191c0]} Config is {:store :database, :db {:connection-uri uri-censored}} 
2023-05-08 11:59:10,626 [nREPL-session-ea013047-50a5-43fd-be3a-9ea1edcb1dd0] DEBUG migratus.migration.sql - found 2 up migrations 
2023-05-08 11:59:10,633 [nREPL-session-ea013047-50a5-43fd-be3a-9ea1edcb1dd0] DEBUG migratus.database - marking 20230417032642 complete 
2023-05-08 11:59:10,636 [nREPL-session-ea013047-50a5-43fd-be3a-9ea1edcb1dd0] INFO  migratus.core - Up 20230417220559-prestamos 
2023-05-08 11:59:10,636 [nREPL-session-ea013047-50a5-43fd-be3a-9ea1edcb1dd0] INFO  migratus.database - Connection is  {:connection #object[org.postgresql.jdbc.PgConnection 0x70b191c0 org.postgresql.jdbc.PgConnection@70b191c0]} Config is {:store :database, :db {:connection-uri uri-censored}} 
2023-05-08 11:59:10,638 [nREPL-session-ea013047-50a5-43fd-be3a-9ea1edcb1dd0] DEBUG migratus.migration.sql - found 4 up migrations 
2023-05-08 11:59:10,648 [nREPL-session-ea013047-50a5-43fd-be3a-9ea1edcb1dd0] DEBUG migratus.database - marking 20230417220559 complete 
2023-05-08 11:59:10,651 [nREPL-session-ea013047-50a5-43fd-be3a-9ea1edcb1dd0] INFO  migratus.core - Up 20230502164252-adds-cover-images 
2023-05-08 11:59:10,651 [nREPL-session-ea013047-50a5-43fd-be3a-9ea1edcb1dd0] INFO  migratus.database - Connection is  {:connection #object[org.postgresql.jdbc.PgConnection 0x70b191c0 org.postgresql.jdbc.PgConnection@70b191c0]} Config is {:store :database, :db {:connection-uri uri-censored}} 
2023-05-08 11:59:10,652 [nREPL-session-ea013047-50a5-43fd-be3a-9ea1edcb1dd0] DEBUG migratus.migration.sql - found 1 up migrations 
2023-05-08 11:59:10,654 [nREPL-session-ea013047-50a5-43fd-be3a-9ea1edcb1dd0] DEBUG migratus.database - marking 20230502164252 complete 
2023-05-08 11:59:10,656 [nREPL-session-ea013047-50a5-43fd-be3a-9ea1edcb1dd0] INFO  migratus.core - Ending migrations 
2023-05-08 14:38:28,779 [nREPL-session-ea013047-50a5-43fd-be3a-9ea1edcb1dd0] INFO  migratus.core - Starting migrations 
2023-05-08 14:38:28,788 [nREPL-session-ea013047-50a5-43fd-be3a-9ea1edcb1dd0] DEBUG migratus.migrations - Looking for migrations in #object[java.io.File 0x485fd3b /mnt/HDD-4T-01/School/S-06/SoftEng/LAB/sugbi/resources/migrations] 
2023-05-08 14:38:28,789 [nREPL-session-ea013047-50a5-43fd-be3a-9ea1edcb1dd0] INFO  migratus.core - Running down for [20230502164252 20230417220559 20230417032642 20230321184035 20230228002443] 
2023-05-08 14:38:28,789 [nREPL-session-ea013047-50a5-43fd-be3a-9ea1edcb1dd0] INFO  migratus.core - Down 20230502164252-adds-cover-images 
2023-05-08 14:38:28,789 [nREPL-session-ea013047-50a5-43fd-be3a-9ea1edcb1dd0] INFO  migratus.database - Connection is  {:connection #object[org.postgresql.jdbc.PgConnection 0x73aa3674 org.postgresql.jdbc.PgConnection@73aa3674]} Config is {:store :database, :db {:connection-uri uri-censored}} 
2023-05-08 14:38:28,791 [nREPL-session-ea013047-50a5-43fd-be3a-9ea1edcb1dd0] DEBUG migratus.migration.sql - found 1 down migrations 
2023-05-08 14:38:28,793 [nREPL-session-ea013047-50a5-43fd-be3a-9ea1edcb1dd0] DEBUG migratus.database - marking 20230502164252 not complete 
2023-05-08 14:38:28,796 [nREPL-session-ea013047-50a5-43fd-be3a-9ea1edcb1dd0] INFO  migratus.core - Down 20230417220559-prestamos 
2023-05-08 14:38:28,796 [nREPL-session-ea013047-50a5-43fd-be3a-9ea1edcb1dd0] INFO  migratus.database - Connection is  {:connection #object[org.postgresql.jdbc.PgConnection 0x73aa3674 org.postgresql.jdbc.PgConnection@73aa3674]} Config is {:store :database, :db {:connection-uri uri-censored}} 
2023-05-08 14:38:28,797 [nREPL-session-ea013047-50a5-43fd-be3a-9ea1edcb1dd0] DEBUG migratus.migration.sql - found 4 down migrations 
2023-05-08 14:38:28,801 [nREPL-session-ea013047-50a5-43fd-be3a-9ea1edcb1dd0] DEBUG migratus.database - marking 20230417220559 not complete 
2023-05-08 14:38:28,803 [nREPL-session-ea013047-50a5-43fd-be3a-9ea1edcb1dd0] INFO  migratus.core - Down 20230417032642-adds-librarians 
2023-05-08 14:38:28,803 [nREPL-session-ea013047-50a5-43fd-be3a-9ea1edcb1dd0] INFO  migratus.database - Connection is  {:connection #object[org.postgresql.jdbc.PgConnection 0x73aa3674 org.postgresql.jdbc.PgConnection@73aa3674]} Config is {:store :database, :db {:connection-uri uri-censored}} 
2023-05-08 14:38:28,805 [nREPL-session-ea013047-50a5-43fd-be3a-9ea1edcb1dd0] DEBUG migratus.migration.sql - found 2 down migrations 
2023-05-08 14:38:28,807 [nREPL-session-ea013047-50a5-43fd-be3a-9ea1edcb1dd0] DEBUG migratus.database - marking 20230417032642 not complete 
2023-05-08 14:38:28,809 [nREPL-session-ea013047-50a5-43fd-be3a-9ea1edcb1dd0] INFO  migratus.core - Down 20230321184035-removes-catalog-book-info 
2023-05-08 14:38:28,811 [nREPL-session-ea013047-50a5-43fd-be3a-9ea1edcb1dd0] INFO  migratus.database - Connection is  {:connection #object[org.postgresql.jdbc.PgConnection 0x73aa3674 org.postgresql.jdbc.PgConnection@73aa3674]} Config is {:store :database, :db {:connection-uri uri-censored}} 
2023-05-08 14:38:28,812 [nREPL-session-ea013047-50a5-43fd-be3a-9ea1edcb1dd0] DEBUG migratus.migration.sql - found 3 down migrations 
2023-05-08 14:38:28,821 [nREPL-session-ea013047-50a5-43fd-be3a-9ea1edcb1dd0] DEBUG migratus.database - marking 20230321184035 not complete 
2023-05-08 14:38:28,824 [nREPL-session-ea013047-50a5-43fd-be3a-9ea1edcb1dd0] INFO  migratus.core - Down 20230228002443-initial-catalog-model 
2023-05-08 14:38:28,824 [nREPL-session-ea013047-50a5-43fd-be3a-9ea1edcb1dd0] INFO  migratus.database - Connection is  {:connection #object[org.postgresql.jdbc.PgConnection 0x73aa3674 org.postgresql.jdbc.PgConnection@73aa3674]} Config is {:store :database, :db {:connection-uri uri-censored}} 
2023-05-08 14:38:28,826 [nREPL-session-ea013047-50a5-43fd-be3a-9ea1edcb1dd0] DEBUG migratus.migration.sql - found 4 down migrations 
2023-05-08 14:38:28,830 [nREPL-session-ea013047-50a5-43fd-be3a-9ea1edcb1dd0] DEBUG migratus.database - marking 20230228002443 not complete 
2023-05-08 14:38:28,832 [nREPL-session-ea013047-50a5-43fd-be3a-9ea1edcb1dd0] INFO  migratus.core - Ending migrations 
2023-05-08 14:38:28,833 [nREPL-session-ea013047-50a5-43fd-be3a-9ea1edcb1dd0] INFO  migratus.core - Starting migrations 
2023-05-08 14:38:28,841 [nREPL-session-ea013047-50a5-43fd-be3a-9ea1edcb1dd0] DEBUG migratus.migrations - Looking for migrations in #object[java.io.File 0x5ed800b2 /mnt/HDD-4T-01/School/S-06/SoftEng/LAB/sugbi/resources/migrations] 
2023-05-08 14:38:28,843 [nREPL-session-ea013047-50a5-43fd-be3a-9ea1edcb1dd0] INFO  migratus.core - Running up for [20230228002443 20230321184035 20230417032642 20230417220559 20230502164252] 
2023-05-08 14:38:28,843 [nREPL-session-ea013047-50a5-43fd-be3a-9ea1edcb1dd0] INFO  migratus.core - Up 20230228002443-initial-catalog-model 
2023-05-08 14:38:28,843 [nREPL-session-ea013047-50a5-43fd-be3a-9ea1edcb1dd0] INFO  migratus.database - Connection is  {:connection #object[org.postgresql.jdbc.PgConnection 0x7ef18158 org.postgresql.jdbc.PgConnection@7ef18158]} Config is {:store :database, :db {:connection-uri uri-censored}} 
2023-05-08 14:38:28,845 [nREPL-session-ea013047-50a5-43fd-be3a-9ea1edcb1dd0] DEBUG migratus.migration.sql - found 4 up migrations 
2023-05-08 14:38:28,858 [nREPL-session-ea013047-50a5-43fd-be3a-9ea1edcb1dd0] DEBUG migratus.database - marking 20230228002443 complete 
2023-05-08 14:38:28,861 [nREPL-session-ea013047-50a5-43fd-be3a-9ea1edcb1dd0] INFO  migratus.core - Up 20230321184035-removes-catalog-book-info 
2023-05-08 14:38:28,863 [nREPL-session-ea013047-50a5-43fd-be3a-9ea1edcb1dd0] INFO  migratus.database - Connection is  {:connection #object[org.postgresql.jdbc.PgConnection 0x7ef18158 org.postgresql.jdbc.PgConnection@7ef18158]} Config is {:store :database, :db {:connection-uri uri-censored}} 
2023-05-08 14:38:28,865 [nREPL-session-ea013047-50a5-43fd-be3a-9ea1edcb1dd0] DEBUG migratus.migration.sql - found 3 up migrations 
2023-05-08 14:38:28,870 [nREPL-session-ea013047-50a5-43fd-be3a-9ea1edcb1dd0] DEBUG migratus.database - marking 20230321184035 complete 
2023-05-08 14:38:28,873 [nREPL-session-ea013047-50a5-43fd-be3a-9ea1edcb1dd0] INFO  migratus.core - Up 20230417032642-adds-librarians 
2023-05-08 14:38:28,874 [nREPL-session-ea013047-50a5-43fd-be3a-9ea1edcb1dd0] INFO  migratus.database - Connection is  {:connection #object[org.postgresql.jdbc.PgConnection 0x7ef18158 org.postgresql.jdbc.PgConnection@7ef18158]} Config is {:store :database, :db {:connection-uri uri-censored}} 
2023-05-08 14:38:28,875 [nREPL-session-ea013047-50a5-43fd-be3a-9ea1edcb1dd0] DEBUG migratus.migration.sql - found 2 up migrations 
2023-05-08 14:38:28,882 [nREPL-session-ea013047-50a5-43fd-be3a-9ea1edcb1dd0] DEBUG migratus.database - marking 20230417032642 complete 
2023-05-08 14:38:28,884 [nREPL-session-ea013047-50a5-43fd-be3a-9ea1edcb1dd0] INFO  migratus.core - Up 20230417220559-prestamos 
2023-05-08 14:38:28,884 [nREPL-session-ea013047-50a5-43fd-be3a-9ea1edcb1dd0] INFO  migratus.database - Connection is  {:connection #object[org.postgresql.jdbc.PgConnection 0x7ef18158 org.postgresql.jdbc.PgConnection@7ef18158]} Config is {:store :database, :db {:connection-uri uri-censored}} 
2023-05-08 14:38:28,886 [nREPL-session-ea013047-50a5-43fd-be3a-9ea1edcb1dd0] DEBUG migratus.migration.sql - found 4 up migrations 
2023-05-08 14:38:28,896 [nREPL-session-ea013047-50a5-43fd-be3a-9ea1edcb1dd0] DEBUG migratus.database - marking 20230417220559 complete 
2023-05-08 14:38:28,899 [nREPL-session-ea013047-50a5-43fd-be3a-9ea1edcb1dd0] INFO  migratus.core - Up 20230502164252-adds-cover-images 
2023-05-08 14:38:28,900 [nREPL-session-ea013047-50a5-43fd-be3a-9ea1edcb1dd0] INFO  migratus.database - Connection is  {:connection #object[org.postgresql.jdbc.PgConnection 0x7ef18158 org.postgresql.jdbc.PgConnection@7ef18158]} Config is {:store :database, :db {:connection-uri uri-censored}} 
2023-05-08 14:38:28,901 [nREPL-session-ea013047-50a5-43fd-be3a-9ea1edcb1dd0] DEBUG migratus.migration.sql - found 1 up migrations 
2023-05-08 14:38:28,903 [nREPL-session-ea013047-50a5-43fd-be3a-9ea1edcb1dd0] DEBUG migratus.database - marking 20230502164252 complete 
2023-05-08 14:38:28,905 [nREPL-session-ea013047-50a5-43fd-be3a-9ea1edcb1dd0] INFO  migratus.core - Ending migrations 
